<?xml version="1.0" encoding="UTF-8"?>
<!-- Generated by org.testng.reporters.JUnitReportReporter -->
<testsuite hostname="JSP-JNTU-HYD" failures="0" tests="4" name="test_ng_framework.Test_annotation_Program4" time="0.014" errors="0" timestamp="2022-09-06T19:08:42 IST" skipped="1">
  <testcase classname="test_ng_framework.Test_annotation_Program4" name="executeOperation" time="0.001"/>
  <system-out/>
  <testcase classname="test_ng_framework.Test_annotation_Program4" name="login" time="0.001"/>
  <system-out/>
  <testcase classname="test_ng_framework.Test_annotation_Program4" name="createUser" time="0.012"/>
  <system-out/>
  <testcase classname="test_ng_framework.Test_annotation_Program4" name="deleteUser">
    <skipped/>
  </testcase> <!-- deleteUser -->
  <system-out/>
</testsuite> <!-- test_ng_framework.Test_annotation_Program4 -->
