<?xml version="1.0" encoding="UTF-8"?>
<!-- Generated by org.testng.reporters.JUnitReportReporter -->
<testsuite hostname="JSP-JNTU-HYD" failures="0" tests="3" name="test_ng_framework.Program7" time="0.011" errors="0" timestamp="2022-10-10T22:42:34 IST" skipped="0">
  <testcase classname="test_ng_framework.Program7" name="deleteUser" time="0.002"/>
  <system-out>
    <![CDATA[delete user ha ha ha]]>
  </system-out>
  <testcase classname="test_ng_framework.Program7" name="createUser" time="0.008"/>
  <system-out/>
  <testcase classname="test_ng_framework.Program7" name="modifyUser" time="0.001"/>
  <system-out/>
</testsuite> <!-- test_ng_framework.Program7 -->
