<?xml version="1.0" encoding="UTF-8"?>
<!-- Generated by org.testng.reporters.JUnitReportReporter -->
<testsuite hostname="JSP-JNTU-HYD" failures="0" tests="11" name="test_ng_framework.Test_annotation_Program5" time="0.031" errors="0" timestamp="2022-09-06T19:28:49 IST" skipped="0">
  <testcase classname="test_ng_framework.Test_annotation_Program5" name="userCreated" time="0.001"/>
  <system-out/>
  <testcase classname="test_ng_framework.Test_annotation_Program5" name="userCreated" time="0.001"/>
  <system-out/>
  <testcase classname="test_ng_framework.Test_annotation_Program5" name="userCreated" time="0.001"/>
  <system-out/>
  <testcase classname="test_ng_framework.Test_annotation_Program5" name="userCreated" time="0.001"/>
  <system-out/>
  <testcase classname="test_ng_framework.Test_annotation_Program5" name="userCreated" time="0.001"/>
  <system-out/>
  <testcase classname="test_ng_framework.Test_annotation_Program5" name="userCreated" time="0.009"/>
  <system-out/>
  <testcase classname="test_ng_framework.Test_annotation_Program5" name="login" time="0.014"/>
  <system-out/>
  <testcase classname="test_ng_framework.Test_annotation_Program5" name="userCreated" time="0.001"/>
  <system-out/>
  <testcase classname="test_ng_framework.Test_annotation_Program5" name="userCreated" time="0.001"/>
  <system-out/>
  <testcase classname="test_ng_framework.Test_annotation_Program5" name="userCreated" time="0.001"/>
  <system-out/>
  <testcase classname="test_ng_framework.Test_annotation_Program5" name="userCreated" time="0.000"/>
  <system-out/>
</testsuite> <!-- test_ng_framework.Test_annotation_Program5 -->
