<?xml version="1.0" encoding="UTF-8"?>
<!-- Generated by org.testng.reporters.JUnitReportReporter -->
<testsuite hostname="JSP-JNTU-HYD" failures="0" tests="1" name="batch_execution.Base_class_for_report" time="11.499" errors="0" timestamp="2022-10-13T22:21:18 IST" skipped="0">
  <testcase classname="batch_execution.Base_class_for_report" name="execution" time="11.499"/>
  <system-out/>
</testsuite> <!-- batch_execution.Base_class_for_report -->
