<?xml version="1.0" encoding="UTF-8"?>
<!-- Generated by org.testng.reporters.JUnitReportReporter -->
<testsuite hostname="JSP-JNTU-HYD" failures="0" tests="3" name="test_ng_framework.Test_annotation_Program3" time="0.012" errors="0" timestamp="2022-09-06T18:55:25 IST" skipped="0">
  <testcase classname="test_ng_framework.Test_annotation_Program3" name="login" time="0.009"/>
  <system-out/>
  <testcase classname="test_ng_framework.Test_annotation_Program3" name="createUser" time="0.002"/>
  <system-out/>
  <testcase classname="test_ng_framework.Test_annotation_Program3" name="executeOperation" time="0.001"/>
  <system-out/>
</testsuite> <!-- test_ng_framework.Test_annotation_Program3 -->
