<?xml version="1.0" encoding="UTF-8"?>
<!-- Generated by org.testng.reporters.JUnitReportReporter -->
<testsuite hostname="JSP-JNTU-HYD" failures="0" tests="1" name="test_ng_framework.Test_annotation_program1" time="0.014" errors="0" timestamp="2022-09-05T19:34:39 IST" skipped="0">
  <testcase classname="test_ng_framework.Test_annotation_program1" name="createUserInfo" time="0.014"/>
  <system-out/>
</testsuite> <!-- test_ng_framework.Test_annotation_program1 -->
