<?xml version="1.0" encoding="UTF-8"?>
<!-- Generated by org.testng.reporters.JUnitReportReporter -->
<testsuite hostname="JSP-JNTU-HYD" failures="0" tests="3" name="test_ng_framework.Test_annotation_Program6" time="0.016" errors="0" timestamp="2022-09-06T19:32:24 IST" skipped="0">
  <testcase classname="test_ng_framework.Test_annotation_Program6" name="userExecuted" time="0.001"/>
  <system-out/>
  <testcase classname="test_ng_framework.Test_annotation_Program6" name="login" time="0.012"/>
  <system-out/>
  <testcase classname="test_ng_framework.Test_annotation_Program6" name="userCreated" time="0.003"/>
  <system-out/>
</testsuite> <!-- test_ng_framework.Test_annotation_Program6 -->
