<?xml version="1.0" encoding="UTF-8"?>
<!-- Generated by org.testng.reporters.JUnitReportReporter -->
<testsuite hostname="JSP-JNTU-HYD" failures="0" tests="2" name="test_ng_framework.Test_annotation_Program2" time="0.009" errors="0" timestamp="2022-09-05T19:46:36 IST" skipped="0">
  <testcase classname="test_ng_framework.Test_annotation_Program2" name="createUser" time="0.008"/>
  <system-out/>
  <testcase classname="test_ng_framework.Test_annotation_Program2" name="deleteUser" time="0.001"/>
  <system-out/>
</testsuite> <!-- test_ng_framework.Test_annotation_Program2 -->
