<?xml version="1.0" encoding="UTF-8"?>
<!-- Generated by org.testng.reporters.JUnitReportReporter -->
<testsuite hostname="JSP-JNTU-HYD" failures="0" tests="1" name="base_class_execution.Base_class" time="6.973" errors="0" timestamp="2022-09-08T19:22:53 IST" skipped="0">
  <testcase classname="base_class_execution.Base_class" name="execution" time="6.973"/>
  <system-out/>
</testsuite> <!-- base_class_execution.Base_class -->
