<?xml version="1.0" encoding="UTF-8"?>
<!-- Generated by org.testng.reporters.JUnitReportReporter -->
<testsuite hostname="JSP-JNTU-HYD" failures="0" tests="1" name="batch_execution.Base_class_for_task" time="9.130" errors="0" timestamp="2022-10-14T22:08:59 IST" skipped="0">
  <testcase classname="batch_execution.Base_class_for_task" name="execution" time="9.130"/>
  <system-out/>
</testsuite> <!-- batch_execution.Base_class_for_task -->
