<?xml version="1.0" encoding="UTF-8"?>
<!-- Generated by org.testng.reporters.JUnitReportReporter -->
<testsuite hostname="JSP-JNTU-HYD" failures="0" tests="2" name="utility_class_for_cross_browser.Execution_task" time="28.727" errors="0" timestamp="2022-10-16T16:22:31 IST" skipped="0">
  <testcase classname="utility_class_for_cross_browser.Execution_task" name="task" time="11.672"/>
  <system-out/>
  <testcase classname="utility_class_for_cross_browser.Execution_task" name="task" time="17.055"/>
  <system-out/>
</testsuite> <!-- utility_class_for_cross_browser.Execution_task -->
