<?xml version="1.0" encoding="UTF-8"?>
<!-- Generated by org.testng.reporters.JUnitReportReporter -->
<testsuite hostname="JSP-JNTU-HYD" failures="0" tests="1" name="utility.Users" time="14.553" errors="0" timestamp="2022-10-17T23:56:00 IST" skipped="0">
  <testcase classname="utility.Users" name="executeUsers" time="14.553"/>
  <system-out/>
</testsuite> <!-- utility.Users -->
