<?xml version="1.0" encoding="UTF-8"?>
<!-- Generated by org.testng.reporters.JUnitReportReporter -->
<testsuite hostname="JSP-JNTU-HYD" failures="0" tests="1" name="utility.Reports" time="10.760" errors="0" timestamp="2022-10-14T22:11:05 IST" skipped="0">
  <testcase classname="utility.Reports" name="executeReports" time="10.760"/>
  <system-out/>
</testsuite> <!-- utility.Reports -->
